{"D:\\Proyectos-personales\\Proyectos-de-practica\\Administrador-de-recibos\\server\\src\\server.js": {"path":"D:\\Proyectos-personales\\Proyectos-de-practica\\Administrador-de-recibos\\server\\src\\server.js","statementMap":{"0":{"start":{"line":14,"column":15},"end":{"line":14,"column":24}},"1":{"start":{"line":15,"column":12},"end":{"line":15,"column":23}},"2":{"start":{"line":16,"column":20},"end":{"line":19,"column":1}},"3":{"start":{"line":22,"column":0},"end":{"line":22,"column":44}},"4":{"start":{"line":23,"column":0},"end":{"line":23,"column":50}},"5":{"start":{"line":24,"column":0},"end":{"line":24,"column":29}},"6":{"start":{"line":25,"column":0},"end":{"line":25,"column":25}},"7":{"start":{"line":26,"column":0},"end":{"line":26,"column":24}},"8":{"start":{"line":29,"column":18},"end":{"line":38,"column":1}},"9":{"start":{"line":30,"column":4},"end":{"line":37,"column":5}},"10":{"start":{"line":31,"column":8},"end":{"line":31,"column":31}},"11":{"start":{"line":32,"column":8},"end":{"line":32,"column":17}},"12":{"start":{"line":34,"column":8},"end":{"line":34,"column":22}},"13":{"start":{"line":35,"column":8},"end":{"line":35,"column":87}},"14":{"start":{"line":36,"column":8},"end":{"line":36,"column":23}},"15":{"start":{"line":39,"column":0},"end":{"line":39,"column":11}},"16":{"start":{"line":42,"column":0},"end":{"line":42,"column":41}},"17":{"start":{"line":43,"column":0},"end":{"line":43,"column":38}},"18":{"start":{"line":44,"column":0},"end":{"line":44,"column":39}},"19":{"start":{"line":47,"column":0},"end":{"line":47,"column":84}}},"fnMap":{"0":{"name":"(anonymous_0)","decl":{"start":{"line":29,"column":18},"end":{"line":29,"column":19}},"loc":{"start":{"line":29,"column":30},"end":{"line":38,"column":1}},"line":29}},"branchMap":{},"s":{"0":3,"1":3,"2":3,"3":3,"4":3,"5":3,"6":3,"7":3,"8":3,"9":3,"10":3,"11":3,"12":0,"13":0,"14":0,"15":3,"16":3,"17":3,"18":3,"19":3},"f":{"0":3},"b":{},"_coverageSchema":"1a1c01bbd47fc00a2c39e90264f33305004495a9","hash":"92a82a18fe43f9c3a8397adcd16b0330ff50160e"}
,"D:\\Proyectos-personales\\Proyectos-de-practica\\Administrador-de-recibos\\server\\src\\configs\\connectionDB.js": {"path":"D:\\Proyectos-personales\\Proyectos-de-practica\\Administrador-de-recibos\\server\\src\\configs\\connectionDB.js","statementMap":{"0":{"start":{"line":3,"column":0},"end":{"line":3,"column":15}},"1":{"start":{"line":5,"column":12},"end":{"line":5,"column":23}},"2":{"start":{"line":6,"column":11},"end":{"line":21,"column":6}}},"fnMap":{},"branchMap":{},"s":{"0":3,"1":3,"2":3},"f":{},"b":{},"_coverageSchema":"1a1c01bbd47fc00a2c39e90264f33305004495a9","hash":"4554efec5b6d472a2c897999982e151dd4f75d16"}
,"D:\\Proyectos-personales\\Proyectos-de-practica\\Administrador-de-recibos\\server\\src\\configs\\swagger.js": {"path":"D:\\Proyectos-personales\\Proyectos-de-practica\\Administrador-de-recibos\\server\\src\\configs\\swagger.js","statementMap":{"0":{"start":{"line":3,"column":16},"end":{"line":23,"column":1}},"1":{"start":{"line":25,"column":20},"end":{"line":25,"column":41}},"2":{"start":{"line":26,"column":25},"end":{"line":28,"column":1}}},"fnMap":{},"branchMap":{},"s":{"0":3,"1":3,"2":3},"f":{},"b":{},"_coverageSchema":"1a1c01bbd47fc00a2c39e90264f33305004495a9","hash":"abdf67b4a0b085de53e95afb419660913040fdef"}
,"D:\\Proyectos-personales\\Proyectos-de-practica\\Administrador-de-recibos\\server\\src\\controllers\\index.js": {"path":"D:\\Proyectos-personales\\Proyectos-de-practica\\Administrador-de-recibos\\server\\src\\controllers\\index.js","statementMap":{},"fnMap":{},"branchMap":{},"s":{},"f":{},"b":{},"_coverageSchema":"1a1c01bbd47fc00a2c39e90264f33305004495a9","hash":"a44f08e8335dd7adf254f9a681abeffb0f16a51d"}
,"D:\\Proyectos-personales\\Proyectos-de-practica\\Administrador-de-recibos\\server\\src\\controllers\\receipt.controller.js": {"path":"D:\\Proyectos-personales\\Proyectos-de-practica\\Administrador-de-recibos\\server\\src\\controllers\\receipt.controller.js","statementMap":{"0":{"start":{"line":16,"column":27},"end":{"line":16,"column":35}},"1":{"start":{"line":18,"column":8},"end":{"line":30,"column":9}},"2":{"start":{"line":19,"column":29},"end":{"line":23,"column":14}},"3":{"start":{"line":24,"column":28},"end":{"line":24,"column":198}},"4":{"start":{"line":24,"column":53},"end":{"line":24,"column":196}},"5":{"start":{"line":26,"column":12},"end":{"line":26,"column":70}},"6":{"start":{"line":28,"column":12},"end":{"line":28,"column":30}},"7":{"start":{"line":29,"column":12},"end":{"line":29,"column":75}},"8":{"start":{"line":41,"column":26},"end":{"line":41,"column":34}},"9":{"start":{"line":42,"column":20},"end":{"line":42,"column":29}},"10":{"start":{"line":44,"column":7},"end":{"line":44,"column":111}},"11":{"start":{"line":44,"column":16},"end":{"line":44,"column":111}},"12":{"start":{"line":46,"column":8},"end":{"line":46,"column":23}},"13":{"start":{"line":47,"column":8},"end":{"line":47,"column":93}},"14":{"start":{"line":47,"column":23},"end":{"line":47,"column":93}},"15":{"start":{"line":49,"column":8},"end":{"line":63,"column":9}},"16":{"start":{"line":51,"column":26},"end":{"line":54,"column":14}},"17":{"start":{"line":55,"column":12},"end":{"line":55,"column":121}},"18":{"start":{"line":55,"column":26},"end":{"line":55,"column":121}},"19":{"start":{"line":57,"column":12},"end":{"line":57,"column":138}},"20":{"start":{"line":59,"column":12},"end":{"line":59,"column":70}},"21":{"start":{"line":61,"column":12},"end":{"line":61,"column":30}},"22":{"start":{"line":62,"column":12},"end":{"line":62,"column":75}},"23":{"start":{"line":74,"column":26},"end":{"line":74,"column":34}},"24":{"start":{"line":75,"column":84},"end":{"line":75,"column":92}},"25":{"start":{"line":77,"column":7},"end":{"line":77,"column":30}},"26":{"start":{"line":78,"column":7},"end":{"line":78,"column":42}},"27":{"start":{"line":80,"column":21},"end":{"line":80,"column":126}},"28":{"start":{"line":81,"column":7},"end":{"line":81,"column":92}},"29":{"start":{"line":81,"column":29},"end":{"line":81,"column":92}},"30":{"start":{"line":82,"column":7},"end":{"line":82,"column":105}},"31":{"start":{"line":82,"column":22},"end":{"line":82,"column":105}},"32":{"start":{"line":84,"column":21},"end":{"line":84,"column":23}},"33":{"start":{"line":85,"column":21},"end":{"line":85,"column":50}},"34":{"start":{"line":86,"column":23},"end":{"line":86,"column":36}},"35":{"start":{"line":88,"column":7},"end":{"line":118,"column":9}},"36":{"start":{"line":89,"column":12},"end":{"line":94,"column":13}},"37":{"start":{"line":90,"column":39},"end":{"line":90,"column":48}},"38":{"start":{"line":91,"column":16},"end":{"line":91,"column":118}},"39":{"start":{"line":92,"column":35},"end":{"line":92,"column":100}},"40":{"start":{"line":93,"column":16},"end":{"line":93,"column":114}},"41":{"start":{"line":93,"column":59},"end":{"line":93,"column":114}},"42":{"start":{"line":96,"column":29},"end":{"line":106,"column":38}},"43":{"start":{"line":108,"column":12},"end":{"line":108,"column":52}},"44":{"start":{"line":109,"column":12},"end":{"line":109,"column":52}},"45":{"start":{"line":111,"column":12},"end":{"line":111,"column":32}},"46":{"start":{"line":112,"column":12},"end":{"line":112,"column":99}},"47":{"start":{"line":114,"column":12},"end":{"line":114,"column":30}},"48":{"start":{"line":115,"column":12},"end":{"line":115,"column":34}},"49":{"start":{"line":116,"column":12},"end":{"line":116,"column":67}},"50":{"start":{"line":116,"column":32},"end":{"line":116,"column":67}},"51":{"start":{"line":117,"column":12},"end":{"line":117,"column":75}},"52":{"start":{"line":129,"column":27},"end":{"line":129,"column":35}},"53":{"start":{"line":130,"column":89},"end":{"line":130,"column":97}},"54":{"start":{"line":132,"column":8},"end":{"line":132,"column":23}},"55":{"start":{"line":133,"column":8},"end":{"line":133,"column":31}},"56":{"start":{"line":134,"column":8},"end":{"line":134,"column":43}},"57":{"start":{"line":136,"column":22},"end":{"line":136,"column":131}},"58":{"start":{"line":137,"column":8},"end":{"line":137,"column":93}},"59":{"start":{"line":137,"column":30},"end":{"line":137,"column":93}},"60":{"start":{"line":138,"column":8},"end":{"line":138,"column":106}},"61":{"start":{"line":138,"column":23},"end":{"line":138,"column":106}},"62":{"start":{"line":140,"column":22},"end":{"line":140,"column":24}},"63":{"start":{"line":141,"column":22},"end":{"line":141,"column":51}},"64":{"start":{"line":142,"column":24},"end":{"line":142,"column":37}},"65":{"start":{"line":144,"column":8},"end":{"line":176,"column":9}},"66":{"start":{"line":145,"column":28},"end":{"line":145,"column":81}},"67":{"start":{"line":146,"column":12},"end":{"line":146,"column":102}},"68":{"start":{"line":146,"column":26},"end":{"line":146,"column":102}},"69":{"start":{"line":148,"column":12},"end":{"line":155,"column":13}},"70":{"start":{"line":149,"column":39},"end":{"line":149,"column":48}},"71":{"start":{"line":150,"column":16},"end":{"line":150,"column":118}},"72":{"start":{"line":151,"column":35},"end":{"line":151,"column":100}},"73":{"start":{"line":152,"column":16},"end":{"line":152,"column":114}},"74":{"start":{"line":152,"column":59},"end":{"line":152,"column":114}},"75":{"start":{"line":154,"column":16},"end":{"line":154,"column":99}},"76":{"start":{"line":154,"column":47},"end":{"line":154,"column":99}},"77":{"start":{"line":157,"column":12},"end":{"line":167,"column":65}},"78":{"start":{"line":169,"column":12},"end":{"line":169,"column":32}},"79":{"start":{"line":170,"column":12},"end":{"line":170,"column":90}},"80":{"start":{"line":172,"column":12},"end":{"line":172,"column":30}},"81":{"start":{"line":173,"column":12},"end":{"line":173,"column":34}},"82":{"start":{"line":174,"column":12},"end":{"line":174,"column":67}},"83":{"start":{"line":174,"column":32},"end":{"line":174,"column":67}},"84":{"start":{"line":175,"column":12},"end":{"line":175,"column":75}},"85":{"start":{"line":187,"column":27},"end":{"line":187,"column":35}},"86":{"start":{"line":188,"column":21},"end":{"line":188,"column":29}},"87":{"start":{"line":190,"column":8},"end":{"line":190,"column":112}},"88":{"start":{"line":190,"column":17},"end":{"line":190,"column":112}},"89":{"start":{"line":192,"column":8},"end":{"line":192,"column":23}},"90":{"start":{"line":193,"column":8},"end":{"line":193,"column":93}},"91":{"start":{"line":193,"column":23},"end":{"line":193,"column":93}},"92":{"start":{"line":195,"column":22},"end":{"line":195,"column":51}},"93":{"start":{"line":196,"column":24},"end":{"line":196,"column":37}},"94":{"start":{"line":198,"column":8},"end":{"line":212,"column":9}},"95":{"start":{"line":199,"column":28},"end":{"line":199,"column":81}},"96":{"start":{"line":200,"column":12},"end":{"line":200,"column":121}},"97":{"start":{"line":200,"column":26},"end":{"line":200,"column":121}},"98":{"start":{"line":202,"column":12},"end":{"line":202,"column":89}},"99":{"start":{"line":204,"column":12},"end":{"line":204,"column":95}},"100":{"start":{"line":204,"column":43},"end":{"line":204,"column":95}},"101":{"start":{"line":206,"column":12},"end":{"line":206,"column":32}},"102":{"start":{"line":207,"column":12},"end":{"line":207,"column":90}},"103":{"start":{"line":209,"column":12},"end":{"line":209,"column":30}},"104":{"start":{"line":210,"column":12},"end":{"line":210,"column":34}},"105":{"start":{"line":211,"column":12},"end":{"line":211,"column":75}}},"fnMap":{"0":{"name":"(anonymous_0)","decl":{"start":{"line":15,"column":4},"end":{"line":15,"column":5}},"loc":{"start":{"line":15,"column":33},"end":{"line":31,"column":5}},"line":15},"1":{"name":"(anonymous_1)","decl":{"start":{"line":24,"column":41},"end":{"line":24,"column":42}},"loc":{"start":{"line":24,"column":53},"end":{"line":24,"column":196}},"line":24},"2":{"name":"(anonymous_2)","decl":{"start":{"line":40,"column":4},"end":{"line":40,"column":5}},"loc":{"start":{"line":40,"column":32},"end":{"line":64,"column":5}},"line":40},"3":{"name":"(anonymous_3)","decl":{"start":{"line":73,"column":4},"end":{"line":73,"column":5}},"loc":{"start":{"line":73,"column":35},"end":{"line":119,"column":5}},"line":73},"4":{"name":"(anonymous_4)","decl":{"start":{"line":128,"column":4},"end":{"line":128,"column":5}},"loc":{"start":{"line":128,"column":36},"end":{"line":177,"column":5}},"line":128},"5":{"name":"(anonymous_5)","decl":{"start":{"line":186,"column":4},"end":{"line":186,"column":5}},"loc":{"start":{"line":186,"column":35},"end":{"line":213,"column":5}},"line":186}},"branchMap":{"0":{"loc":{"start":{"line":24,"column":89},"end":{"line":24,"column":194}},"type":"cond-expr","locations":[{"start":{"line":24,"column":117},"end":{"line":24,"column":173}},{"start":{"line":24,"column":176},"end":{"line":24,"column":194}}],"line":24},"1":{"loc":{"start":{"line":44,"column":7},"end":{"line":44,"column":111}},"type":"if","locations":[{"start":{"line":44,"column":7},"end":{"line":44,"column":111}},{"start":{},"end":{}}],"line":44},"2":{"loc":{"start":{"line":47,"column":8},"end":{"line":47,"column":93}},"type":"if","locations":[{"start":{"line":47,"column":8},"end":{"line":47,"column":93}},{"start":{},"end":{}}],"line":47},"3":{"loc":{"start":{"line":55,"column":12},"end":{"line":55,"column":121}},"type":"if","locations":[{"start":{"line":55,"column":12},"end":{"line":55,"column":121}},{"start":{},"end":{}}],"line":55},"4":{"loc":{"start":{"line":57,"column":33},"end":{"line":57,"column":138}},"type":"cond-expr","locations":[{"start":{"line":57,"column":61},"end":{"line":57,"column":117}},{"start":{"line":57,"column":120},"end":{"line":57,"column":138}}],"line":57},"5":{"loc":{"start":{"line":81,"column":7},"end":{"line":81,"column":92}},"type":"if","locations":[{"start":{"line":81,"column":7},"end":{"line":81,"column":92}},{"start":{},"end":{}}],"line":81},"6":{"loc":{"start":{"line":82,"column":7},"end":{"line":82,"column":105}},"type":"if","locations":[{"start":{"line":82,"column":7},"end":{"line":82,"column":105}},{"start":{},"end":{}}],"line":82},"7":{"loc":{"start":{"line":89,"column":12},"end":{"line":94,"column":13}},"type":"if","locations":[{"start":{"line":89,"column":12},"end":{"line":94,"column":13}},{"start":{},"end":{}}],"line":89},"8":{"loc":{"start":{"line":93,"column":16},"end":{"line":93,"column":114}},"type":"if","locations":[{"start":{"line":93,"column":16},"end":{"line":93,"column":114}},{"start":{},"end":{}}],"line":93},"9":{"loc":{"start":{"line":93,"column":20},"end":{"line":93,"column":57}},"type":"binary-expr","locations":[{"start":{"line":93,"column":20},"end":{"line":93,"column":31}},{"start":{"line":93,"column":35},"end":{"line":93,"column":57}}],"line":93},"10":{"loc":{"start":{"line":116,"column":12},"end":{"line":116,"column":67}},"type":"if","locations":[{"start":{"line":116,"column":12},"end":{"line":116,"column":67}},{"start":{},"end":{}}],"line":116},"11":{"loc":{"start":{"line":137,"column":8},"end":{"line":137,"column":93}},"type":"if","locations":[{"start":{"line":137,"column":8},"end":{"line":137,"column":93}},{"start":{},"end":{}}],"line":137},"12":{"loc":{"start":{"line":138,"column":8},"end":{"line":138,"column":106}},"type":"if","locations":[{"start":{"line":138,"column":8},"end":{"line":138,"column":106}},{"start":{},"end":{}}],"line":138},"13":{"loc":{"start":{"line":146,"column":12},"end":{"line":146,"column":102}},"type":"if","locations":[{"start":{"line":146,"column":12},"end":{"line":146,"column":102}},{"start":{},"end":{}}],"line":146},"14":{"loc":{"start":{"line":148,"column":12},"end":{"line":155,"column":13}},"type":"if","locations":[{"start":{"line":148,"column":12},"end":{"line":155,"column":13}},{"start":{},"end":{}}],"line":148},"15":{"loc":{"start":{"line":152,"column":16},"end":{"line":152,"column":114}},"type":"if","locations":[{"start":{"line":152,"column":16},"end":{"line":152,"column":114}},{"start":{},"end":{}}],"line":152},"16":{"loc":{"start":{"line":152,"column":20},"end":{"line":152,"column":57}},"type":"binary-expr","locations":[{"start":{"line":152,"column":20},"end":{"line":152,"column":31}},{"start":{"line":152,"column":35},"end":{"line":152,"column":57}}],"line":152},"17":{"loc":{"start":{"line":154,"column":16},"end":{"line":154,"column":99}},"type":"if","locations":[{"start":{"line":154,"column":16},"end":{"line":154,"column":99}},{"start":{},"end":{}}],"line":154},"18":{"loc":{"start":{"line":174,"column":12},"end":{"line":174,"column":67}},"type":"if","locations":[{"start":{"line":174,"column":12},"end":{"line":174,"column":67}},{"start":{},"end":{}}],"line":174},"19":{"loc":{"start":{"line":190,"column":8},"end":{"line":190,"column":112}},"type":"if","locations":[{"start":{"line":190,"column":8},"end":{"line":190,"column":112}},{"start":{},"end":{}}],"line":190},"20":{"loc":{"start":{"line":193,"column":8},"end":{"line":193,"column":93}},"type":"if","locations":[{"start":{"line":193,"column":8},"end":{"line":193,"column":93}},{"start":{},"end":{}}],"line":193},"21":{"loc":{"start":{"line":200,"column":12},"end":{"line":200,"column":121}},"type":"if","locations":[{"start":{"line":200,"column":12},"end":{"line":200,"column":121}},{"start":{},"end":{}}],"line":200},"22":{"loc":{"start":{"line":204,"column":12},"end":{"line":204,"column":95}},"type":"if","locations":[{"start":{"line":204,"column":12},"end":{"line":204,"column":95}},{"start":{},"end":{}}],"line":204}},"s":{"0":1,"1":1,"2":1,"3":1,"4":4,"5":1,"6":0,"7":0,"8":3,"9":3,"10":3,"11":1,"12":2,"13":2,"14":0,"15":2,"16":2,"17":2,"18":1,"19":1,"20":1,"21":0,"22":0,"23":3,"24":3,"25":3,"26":3,"27":3,"28":3,"29":1,"30":2,"31":1,"32":1,"33":1,"34":1,"35":1,"36":1,"37":1,"38":1,"39":1,"40":1,"41":0,"42":1,"43":1,"44":1,"45":1,"46":1,"47":0,"48":0,"49":0,"50":0,"51":0,"52":3,"53":3,"54":3,"55":3,"56":3,"57":3,"58":3,"59":1,"60":2,"61":1,"62":1,"63":1,"64":1,"65":1,"66":1,"67":1,"68":0,"69":1,"70":1,"71":1,"72":1,"73":1,"74":0,"75":1,"76":1,"77":1,"78":1,"79":1,"80":0,"81":0,"82":0,"83":0,"84":0,"85":3,"86":3,"87":3,"88":1,"89":2,"90":2,"91":0,"92":2,"93":2,"94":2,"95":2,"96":2,"97":1,"98":1,"99":1,"100":1,"101":1,"102":1,"103":0,"104":0,"105":0},"f":{"0":1,"1":4,"2":3,"3":3,"4":3,"5":3},"b":{"0":[3,1],"1":[1,2],"2":[0,2],"3":[1,1],"4":[1,0],"5":[1,2],"6":[1,1],"7":[1,0],"8":[0,1],"9":[1,1],"10":[0,0],"11":[1,2],"12":[1,1],"13":[0,1],"14":[1,0],"15":[0,1],"16":[1,1],"17":[1,0],"18":[0,0],"19":[1,2],"20":[0,2],"21":[1,1],"22":[1,0]},"_coverageSchema":"1a1c01bbd47fc00a2c39e90264f33305004495a9","hash":"5aef9a4ddfa09c1751a57487aa371be65b65ae1c"}
,"D:\\Proyectos-personales\\Proyectos-de-practica\\Administrador-de-recibos\\server\\src\\controllers\\token.controller.js": {"path":"D:\\Proyectos-personales\\Proyectos-de-practica\\Administrador-de-recibos\\server\\src\\controllers\\token.controller.js","statementMap":{"0":{"start":{"line":16,"column":36},"end":{"line":16,"column":44}},"1":{"start":{"line":18,"column":22},"end":{"line":18,"column":80}},"2":{"start":{"line":19,"column":8},"end":{"line":19,"column":93}},"3":{"start":{"line":19,"column":30},"end":{"line":19,"column":93}},"4":{"start":{"line":21,"column":22},"end":{"line":21,"column":51}},"5":{"start":{"line":23,"column":8},"end":{"line":52,"column":9}},"6":{"start":{"line":25,"column":30},"end":{"line":25,"column":75}},"7":{"start":{"line":26,"column":12},"end":{"line":26,"column":104}},"8":{"start":{"line":26,"column":28},"end":{"line":26,"column":104}},"9":{"start":{"line":28,"column":34},"end":{"line":28,"column":86}},"10":{"start":{"line":29,"column":12},"end":{"line":29,"column":108}},"11":{"start":{"line":29,"column":32},"end":{"line":29,"column":108}},"12":{"start":{"line":31,"column":29},"end":{"line":31,"column":76}},"13":{"start":{"line":33,"column":35},"end":{"line":33,"column":96}},"14":{"start":{"line":34,"column":12},"end":{"line":44,"column":13}},"15":{"start":{"line":35,"column":16},"end":{"line":38,"column":75}},"16":{"start":{"line":40,"column":16},"end":{"line":43,"column":42}},"17":{"start":{"line":46,"column":12},"end":{"line":46,"column":32}},"18":{"start":{"line":47,"column":12},"end":{"line":47,"column":71}},"19":{"start":{"line":49,"column":12},"end":{"line":49,"column":30}},"20":{"start":{"line":50,"column":12},"end":{"line":50,"column":34}},"21":{"start":{"line":51,"column":12},"end":{"line":51,"column":75}},"22":{"start":{"line":63,"column":26},"end":{"line":63,"column":34}},"23":{"start":{"line":65,"column":8},"end":{"line":65,"column":97}},"24":{"start":{"line":65,"column":20},"end":{"line":65,"column":97}},"25":{"start":{"line":67,"column":22},"end":{"line":67,"column":51}},"26":{"start":{"line":69,"column":8},"end":{"line":88,"column":9}},"27":{"start":{"line":70,"column":30},"end":{"line":70,"column":47}},"28":{"start":{"line":72,"column":31},"end":{"line":72,"column":101}},"29":{"start":{"line":73,"column":12},"end":{"line":73,"column":145}},"30":{"start":{"line":73,"column":59},"end":{"line":73,"column":145}},"31":{"start":{"line":75,"column":29},"end":{"line":75,"column":86}},"32":{"start":{"line":77,"column":12},"end":{"line":80,"column":76}},"33":{"start":{"line":82,"column":12},"end":{"line":82,"column":32}},"34":{"start":{"line":83,"column":12},"end":{"line":83,"column":71}},"35":{"start":{"line":85,"column":12},"end":{"line":85,"column":30}},"36":{"start":{"line":86,"column":12},"end":{"line":86,"column":34}},"37":{"start":{"line":87,"column":12},"end":{"line":87,"column":75}},"38":{"start":{"line":99,"column":27},"end":{"line":99,"column":35}},"39":{"start":{"line":101,"column":22},"end":{"line":101,"column":51}},"40":{"start":{"line":103,"column":8},"end":{"line":118,"column":9}},"41":{"start":{"line":105,"column":31},"end":{"line":105,"column":78}},"42":{"start":{"line":107,"column":12},"end":{"line":110,"column":76}},"43":{"start":{"line":112,"column":12},"end":{"line":112,"column":32}},"44":{"start":{"line":113,"column":12},"end":{"line":113,"column":92}},"45":{"start":{"line":115,"column":12},"end":{"line":115,"column":30}},"46":{"start":{"line":116,"column":12},"end":{"line":116,"column":34}},"47":{"start":{"line":117,"column":12},"end":{"line":117,"column":75}}},"fnMap":{"0":{"name":"(anonymous_0)","decl":{"start":{"line":15,"column":4},"end":{"line":15,"column":5}},"loc":{"start":{"line":15,"column":34},"end":{"line":53,"column":5}},"line":15},"1":{"name":"(anonymous_1)","decl":{"start":{"line":62,"column":4},"end":{"line":62,"column":5}},"loc":{"start":{"line":62,"column":34},"end":{"line":89,"column":5}},"line":62},"2":{"name":"(anonymous_2)","decl":{"start":{"line":98,"column":4},"end":{"line":98,"column":5}},"loc":{"start":{"line":98,"column":36},"end":{"line":119,"column":5}},"line":98}},"branchMap":{"0":{"loc":{"start":{"line":19,"column":8},"end":{"line":19,"column":93}},"type":"if","locations":[{"start":{"line":19,"column":8},"end":{"line":19,"column":93}},{"start":{},"end":{}}],"line":19},"1":{"loc":{"start":{"line":26,"column":12},"end":{"line":26,"column":104}},"type":"if","locations":[{"start":{"line":26,"column":12},"end":{"line":26,"column":104}},{"start":{},"end":{}}],"line":26},"2":{"loc":{"start":{"line":29,"column":12},"end":{"line":29,"column":108}},"type":"if","locations":[{"start":{"line":29,"column":12},"end":{"line":29,"column":108}},{"start":{},"end":{}}],"line":29},"3":{"loc":{"start":{"line":34,"column":12},"end":{"line":44,"column":13}},"type":"if","locations":[{"start":{"line":34,"column":12},"end":{"line":44,"column":13}},{"start":{"line":39,"column":19},"end":{"line":44,"column":13}}],"line":34},"4":{"loc":{"start":{"line":65,"column":8},"end":{"line":65,"column":97}},"type":"if","locations":[{"start":{"line":65,"column":8},"end":{"line":65,"column":97}},{"start":{},"end":{}}],"line":65},"5":{"loc":{"start":{"line":73,"column":12},"end":{"line":73,"column":145}},"type":"if","locations":[{"start":{"line":73,"column":12},"end":{"line":73,"column":145}},{"start":{},"end":{}}],"line":73},"6":{"loc":{"start":{"line":73,"column":16},"end":{"line":73,"column":57}},"type":"binary-expr","locations":[{"start":{"line":73,"column":16},"end":{"line":73,"column":27}},{"start":{"line":73,"column":31},"end":{"line":73,"column":57}}],"line":73}},"s":{"0":5,"1":5,"2":5,"3":1,"4":4,"5":4,"6":4,"7":4,"8":0,"9":4,"10":4,"11":1,"12":3,"13":3,"14":3,"15":2,"16":1,"17":3,"18":3,"19":0,"20":0,"21":0,"22":2,"23":2,"24":1,"25":1,"26":1,"27":1,"28":1,"29":1,"30":0,"31":1,"32":1,"33":1,"34":1,"35":0,"36":0,"37":0,"38":1,"39":1,"40":1,"41":1,"42":1,"43":1,"44":1,"45":0,"46":0,"47":0},"f":{"0":5,"1":2,"2":1},"b":{"0":[1,4],"1":[0,4],"2":[1,3],"3":[2,1],"4":[1,1],"5":[0,1],"6":[1,1]},"_coverageSchema":"1a1c01bbd47fc00a2c39e90264f33305004495a9","hash":"ab48bffe87d936decc791b0c1dc1c6c0f3a8762d"}
,"D:\\Proyectos-personales\\Proyectos-de-practica\\Administrador-de-recibos\\server\\src\\controllers\\user.controller.js": {"path":"D:\\Proyectos-personales\\Proyectos-de-practica\\Administrador-de-recibos\\server\\src\\controllers\\user.controller.js","statementMap":{"0":{"start":{"line":17,"column":26},"end":{"line":17,"column":34}},"1":{"start":{"line":19,"column":8},"end":{"line":30,"column":9}},"2":{"start":{"line":20,"column":23},"end":{"line":22,"column":14}},"3":{"start":{"line":24,"column":12},"end":{"line":24,"column":126}},"4":{"start":{"line":26,"column":12},"end":{"line":26,"column":67}},"5":{"start":{"line":28,"column":12},"end":{"line":28,"column":30}},"6":{"start":{"line":29,"column":12},"end":{"line":29,"column":75}},"7":{"start":{"line":41,"column":60},"end":{"line":41,"column":68}},"8":{"start":{"line":43,"column":22},"end":{"line":43,"column":88}},"9":{"start":{"line":44,"column":8},"end":{"line":44,"column":93}},"10":{"start":{"line":44,"column":30},"end":{"line":44,"column":93}},"11":{"start":{"line":46,"column":22},"end":{"line":46,"column":24}},"12":{"start":{"line":47,"column":22},"end":{"line":47,"column":51}},"13":{"start":{"line":48,"column":24},"end":{"line":48,"column":37}},"14":{"start":{"line":50,"column":8},"end":{"line":77,"column":9}},"15":{"start":{"line":51,"column":31},"end":{"line":51,"column":76}},"16":{"start":{"line":52,"column":12},"end":{"line":52,"column":117}},"17":{"start":{"line":52,"column":28},"end":{"line":52,"column":117}},"18":{"start":{"line":54,"column":36},"end":{"line":54,"column":67}},"19":{"start":{"line":56,"column":12},"end":{"line":61,"column":13}},"20":{"start":{"line":57,"column":39},"end":{"line":57,"column":48}},"21":{"start":{"line":58,"column":16},"end":{"line":58,"column":108}},"22":{"start":{"line":59,"column":35},"end":{"line":59,"column":100}},"23":{"start":{"line":60,"column":16},"end":{"line":60,"column":114}},"24":{"start":{"line":60,"column":59},"end":{"line":60,"column":114}},"25":{"start":{"line":63,"column":12},"end":{"line":69,"column":38}},"26":{"start":{"line":71,"column":12},"end":{"line":71,"column":32}},"27":{"start":{"line":72,"column":12},"end":{"line":72,"column":88}},"28":{"start":{"line":74,"column":12},"end":{"line":74,"column":30}},"29":{"start":{"line":75,"column":12},"end":{"line":75,"column":34}},"30":{"start":{"line":76,"column":12},"end":{"line":76,"column":75}},"31":{"start":{"line":88,"column":27},"end":{"line":88,"column":35}},"32":{"start":{"line":89,"column":42},"end":{"line":89,"column":50}},"33":{"start":{"line":91,"column":22},"end":{"line":91,"column":112}},"34":{"start":{"line":92,"column":8},"end":{"line":92,"column":93}},"35":{"start":{"line":92,"column":30},"end":{"line":92,"column":93}},"36":{"start":{"line":94,"column":22},"end":{"line":94,"column":24}},"37":{"start":{"line":95,"column":22},"end":{"line":95,"column":51}},"38":{"start":{"line":96,"column":24},"end":{"line":96,"column":37}},"39":{"start":{"line":98,"column":8},"end":{"line":123,"column":9}},"40":{"start":{"line":99,"column":30},"end":{"line":99,"column":62}},"41":{"start":{"line":101,"column":12},"end":{"line":108,"column":13}},"42":{"start":{"line":102,"column":39},"end":{"line":102,"column":48}},"43":{"start":{"line":103,"column":16},"end":{"line":103,"column":108}},"44":{"start":{"line":104,"column":35},"end":{"line":104,"column":100}},"45":{"start":{"line":105,"column":16},"end":{"line":105,"column":114}},"46":{"start":{"line":105,"column":59},"end":{"line":105,"column":114}},"47":{"start":{"line":107,"column":16},"end":{"line":107,"column":103}},"48":{"start":{"line":107,"column":49},"end":{"line":107,"column":103}},"49":{"start":{"line":110,"column":12},"end":{"line":115,"column":67}},"50":{"start":{"line":117,"column":12},"end":{"line":117,"column":32}},"51":{"start":{"line":118,"column":12},"end":{"line":118,"column":87}},"52":{"start":{"line":120,"column":12},"end":{"line":120,"column":30}},"53":{"start":{"line":121,"column":12},"end":{"line":121,"column":34}},"54":{"start":{"line":122,"column":12},"end":{"line":122,"column":75}},"55":{"start":{"line":134,"column":27},"end":{"line":134,"column":35}},"56":{"start":{"line":135,"column":51},"end":{"line":135,"column":59}},"57":{"start":{"line":137,"column":22},"end":{"line":137,"column":112}},"58":{"start":{"line":138,"column":8},"end":{"line":138,"column":93}},"59":{"start":{"line":138,"column":30},"end":{"line":138,"column":93}},"60":{"start":{"line":140,"column":8},"end":{"line":140,"column":148}},"61":{"start":{"line":140,"column":46},"end":{"line":140,"column":148}},"62":{"start":{"line":142,"column":22},"end":{"line":142,"column":51}},"63":{"start":{"line":144,"column":8},"end":{"line":167,"column":9}},"64":{"start":{"line":145,"column":30},"end":{"line":145,"column":62}},"65":{"start":{"line":147,"column":39},"end":{"line":147,"column":73}},"66":{"start":{"line":149,"column":12},"end":{"line":152,"column":67}},"67":{"start":{"line":154,"column":29},"end":{"line":154,"column":76}},"68":{"start":{"line":156,"column":12},"end":{"line":159,"column":71}},"69":{"start":{"line":161,"column":12},"end":{"line":161,"column":32}},"70":{"start":{"line":162,"column":12},"end":{"line":162,"column":102}},"71":{"start":{"line":164,"column":12},"end":{"line":164,"column":30}},"72":{"start":{"line":165,"column":12},"end":{"line":165,"column":34}},"73":{"start":{"line":166,"column":12},"end":{"line":166,"column":75}},"74":{"start":{"line":178,"column":27},"end":{"line":178,"column":35}},"75":{"start":{"line":180,"column":22},"end":{"line":180,"column":51}},"76":{"start":{"line":181,"column":24},"end":{"line":181,"column":37}},"77":{"start":{"line":183,"column":8},"end":{"line":207,"column":9}},"78":{"start":{"line":184,"column":30},"end":{"line":184,"column":62}},"79":{"start":{"line":186,"column":29},"end":{"line":186,"column":92}},"80":{"start":{"line":187,"column":33},"end":{"line":187,"column":94}},"81":{"start":{"line":189,"column":31},"end":{"line":189,"column":66}},"82":{"start":{"line":189,"column":55},"end":{"line":189,"column":65}},"83":{"start":{"line":191,"column":12},"end":{"line":191,"column":89}},"84":{"start":{"line":192,"column":12},"end":{"line":192,"column":92}},"85":{"start":{"line":193,"column":12},"end":{"line":193,"column":88}},"86":{"start":{"line":195,"column":33},"end":{"line":195,"column":87}},"87":{"start":{"line":195,"column":57},"end":{"line":195,"column":86}},"88":{"start":{"line":196,"column":37},"end":{"line":196,"column":83}},"89":{"start":{"line":196,"column":68},"end":{"line":196,"column":82}},"90":{"start":{"line":197,"column":12},"end":{"line":197,"column":102}},"91":{"start":{"line":197,"column":45},"end":{"line":197,"column":102}},"92":{"start":{"line":199,"column":12},"end":{"line":199,"column":99}},"93":{"start":{"line":199,"column":45},"end":{"line":199,"column":99}},"94":{"start":{"line":201,"column":12},"end":{"line":201,"column":32}},"95":{"start":{"line":202,"column":12},"end":{"line":202,"column":106}},"96":{"start":{"line":204,"column":12},"end":{"line":204,"column":30}},"97":{"start":{"line":205,"column":12},"end":{"line":205,"column":34}},"98":{"start":{"line":206,"column":12},"end":{"line":206,"column":75}}},"fnMap":{"0":{"name":"(anonymous_0)","decl":{"start":{"line":16,"column":4},"end":{"line":16,"column":5}},"loc":{"start":{"line":16,"column":29},"end":{"line":31,"column":5}},"line":16},"1":{"name":"(anonymous_1)","decl":{"start":{"line":40,"column":4},"end":{"line":40,"column":5}},"loc":{"start":{"line":40,"column":32},"end":{"line":78,"column":5}},"line":40},"2":{"name":"(anonymous_2)","decl":{"start":{"line":87,"column":4},"end":{"line":87,"column":5}},"loc":{"start":{"line":87,"column":32},"end":{"line":124,"column":5}},"line":87},"3":{"name":"(anonymous_3)","decl":{"start":{"line":133,"column":4},"end":{"line":133,"column":5}},"loc":{"start":{"line":133,"column":40},"end":{"line":168,"column":5}},"line":133},"4":{"name":"(anonymous_4)","decl":{"start":{"line":177,"column":4},"end":{"line":177,"column":5}},"loc":{"start":{"line":177,"column":32},"end":{"line":208,"column":5}},"line":177},"5":{"name":"(anonymous_5)","decl":{"start":{"line":189,"column":44},"end":{"line":189,"column":45}},"loc":{"start":{"line":189,"column":55},"end":{"line":189,"column":65}},"line":189},"6":{"name":"(anonymous_6)","decl":{"start":{"line":195,"column":46},"end":{"line":195,"column":47}},"loc":{"start":{"line":195,"column":57},"end":{"line":195,"column":86}},"line":195},"7":{"name":"(anonymous_7)","decl":{"start":{"line":196,"column":57},"end":{"line":196,"column":58}},"loc":{"start":{"line":196,"column":68},"end":{"line":196,"column":82}},"line":196}},"branchMap":{"0":{"loc":{"start":{"line":24,"column":30},"end":{"line":24,"column":126}},"type":"cond-expr","locations":[{"start":{"line":24,"column":55},"end":{"line":24,"column":108}},{"start":{"line":24,"column":111},"end":{"line":24,"column":126}}],"line":24},"1":{"loc":{"start":{"line":44,"column":8},"end":{"line":44,"column":93}},"type":"if","locations":[{"start":{"line":44,"column":8},"end":{"line":44,"column":93}},{"start":{},"end":{}}],"line":44},"2":{"loc":{"start":{"line":52,"column":12},"end":{"line":52,"column":117}},"type":"if","locations":[{"start":{"line":52,"column":12},"end":{"line":52,"column":117}},{"start":{},"end":{}}],"line":52},"3":{"loc":{"start":{"line":56,"column":12},"end":{"line":61,"column":13}},"type":"if","locations":[{"start":{"line":56,"column":12},"end":{"line":61,"column":13}},{"start":{},"end":{}}],"line":56},"4":{"loc":{"start":{"line":60,"column":16},"end":{"line":60,"column":114}},"type":"if","locations":[{"start":{"line":60,"column":16},"end":{"line":60,"column":114}},{"start":{},"end":{}}],"line":60},"5":{"loc":{"start":{"line":60,"column":20},"end":{"line":60,"column":57}},"type":"binary-expr","locations":[{"start":{"line":60,"column":20},"end":{"line":60,"column":31}},{"start":{"line":60,"column":35},"end":{"line":60,"column":57}}],"line":60},"6":{"loc":{"start":{"line":92,"column":8},"end":{"line":92,"column":93}},"type":"if","locations":[{"start":{"line":92,"column":8},"end":{"line":92,"column":93}},{"start":{},"end":{}}],"line":92},"7":{"loc":{"start":{"line":101,"column":12},"end":{"line":108,"column":13}},"type":"if","locations":[{"start":{"line":101,"column":12},"end":{"line":108,"column":13}},{"start":{},"end":{}}],"line":101},"8":{"loc":{"start":{"line":105,"column":16},"end":{"line":105,"column":114}},"type":"if","locations":[{"start":{"line":105,"column":16},"end":{"line":105,"column":114}},{"start":{},"end":{}}],"line":105},"9":{"loc":{"start":{"line":105,"column":20},"end":{"line":105,"column":57}},"type":"binary-expr","locations":[{"start":{"line":105,"column":20},"end":{"line":105,"column":31}},{"start":{"line":105,"column":35},"end":{"line":105,"column":57}}],"line":105},"10":{"loc":{"start":{"line":107,"column":16},"end":{"line":107,"column":103}},"type":"if","locations":[{"start":{"line":107,"column":16},"end":{"line":107,"column":103}},{"start":{},"end":{}}],"line":107},"11":{"loc":{"start":{"line":138,"column":8},"end":{"line":138,"column":93}},"type":"if","locations":[{"start":{"line":138,"column":8},"end":{"line":138,"column":93}},{"start":{},"end":{}}],"line":138},"12":{"loc":{"start":{"line":140,"column":8},"end":{"line":140,"column":148}},"type":"if","locations":[{"start":{"line":140,"column":8},"end":{"line":140,"column":148}},{"start":{},"end":{}}],"line":140},"13":{"loc":{"start":{"line":197,"column":12},"end":{"line":197,"column":102}},"type":"if","locations":[{"start":{"line":197,"column":12},"end":{"line":197,"column":102}},{"start":{},"end":{}}],"line":197},"14":{"loc":{"start":{"line":199,"column":12},"end":{"line":199,"column":99}},"type":"if","locations":[{"start":{"line":199,"column":12},"end":{"line":199,"column":99}},{"start":{},"end":{}}],"line":199}},"s":{"0":1,"1":1,"2":1,"3":1,"4":1,"5":0,"6":0,"7":3,"8":3,"9":3,"10":1,"11":2,"12":2,"13":2,"14":2,"15":2,"16":2,"17":1,"18":1,"19":1,"20":1,"21":1,"22":1,"23":1,"24":0,"25":1,"26":1,"27":1,"28":0,"29":0,"30":0,"31":2,"32":2,"33":2,"34":2,"35":1,"36":1,"37":1,"38":1,"39":1,"40":1,"41":1,"42":1,"43":1,"44":1,"45":1,"46":0,"47":1,"48":1,"49":1,"50":1,"51":1,"52":0,"53":0,"54":0,"55":3,"56":3,"57":3,"58":3,"59":1,"60":2,"61":1,"62":1,"63":1,"64":1,"65":1,"66":1,"67":1,"68":1,"69":1,"70":1,"71":0,"72":0,"73":0,"74":1,"75":1,"76":1,"77":1,"78":1,"79":1,"80":1,"81":1,"82":0,"83":1,"84":1,"85":1,"86":1,"87":0,"88":1,"89":0,"90":1,"91":0,"92":1,"93":1,"94":1,"95":1,"96":0,"97":0,"98":0},"f":{"0":1,"1":3,"2":2,"3":3,"4":1,"5":0,"6":0,"7":0},"b":{"0":[1,0],"1":[1,2],"2":[1,1],"3":[1,0],"4":[0,1],"5":[1,1],"6":[1,1],"7":[1,0],"8":[0,1],"9":[1,1],"10":[1,0],"11":[1,2],"12":[1,1],"13":[0,1],"14":[1,0]},"_coverageSchema":"1a1c01bbd47fc00a2c39e90264f33305004495a9","hash":"4323ea5937edd1bcdc66b0e170e17b676bba3541"}
,"D:\\Proyectos-personales\\Proyectos-de-practica\\Administrador-de-recibos\\server\\src\\middlewares\\auth.middleware.js": {"path":"D:\\Proyectos-personales\\Proyectos-de-practica\\Administrador-de-recibos\\server\\src\\middlewares\\auth.middleware.js","statementMap":{"0":{"start":{"line":10,"column":20},"end":{"line":25,"column":1}},"1":{"start":{"line":11,"column":4},"end":{"line":24,"column":5}},"2":{"start":{"line":12,"column":22},"end":{"line":12,"column":48}},"3":{"start":{"line":13,"column":8},"end":{"line":13,"column":86}},"4":{"start":{"line":13,"column":20},"end":{"line":13,"column":86}},"5":{"start":{"line":15,"column":23},"end":{"line":15,"column":40}},"6":{"start":{"line":17,"column":31},"end":{"line":17,"column":98}},"7":{"start":{"line":18,"column":8},"end":{"line":18,"column":127}},"8":{"start":{"line":18,"column":63},"end":{"line":18,"column":127}},"9":{"start":{"line":20,"column":8},"end":{"line":20,"column":30}},"10":{"start":{"line":21,"column":8},"end":{"line":21,"column":14}},"11":{"start":{"line":23,"column":8},"end":{"line":23,"column":72}}},"fnMap":{"0":{"name":"(anonymous_0)","decl":{"start":{"line":10,"column":20},"end":{"line":10,"column":21}},"loc":{"start":{"line":10,"column":46},"end":{"line":25,"column":1}},"line":10}},"branchMap":{"0":{"loc":{"start":{"line":13,"column":8},"end":{"line":13,"column":86}},"type":"if","locations":[{"start":{"line":13,"column":8},"end":{"line":13,"column":86}},{"start":{},"end":{}}],"line":13},"1":{"loc":{"start":{"line":18,"column":8},"end":{"line":18,"column":127}},"type":"if","locations":[{"start":{"line":18,"column":8},"end":{"line":18,"column":127}},{"start":{},"end":{}}],"line":18},"2":{"loc":{"start":{"line":18,"column":12},"end":{"line":18,"column":61}},"type":"binary-expr","locations":[{"start":{"line":18,"column":12},"end":{"line":18,"column":27}},{"start":{"line":18,"column":31},"end":{"line":18,"column":61}}],"line":18}},"s":{"0":3,"1":31,"2":31,"3":31,"4":10,"5":21,"6":21,"7":21,"8":0,"9":21,"10":21,"11":0},"f":{"0":31},"b":{"0":[10,21],"1":[0,21],"2":[21,21]},"_coverageSchema":"1a1c01bbd47fc00a2c39e90264f33305004495a9","hash":"f91b8882d09a8f478310481268694fd4aef11b0d"}
,"D:\\Proyectos-personales\\Proyectos-de-practica\\Administrador-de-recibos\\server\\src\\middlewares\\index.js": {"path":"D:\\Proyectos-personales\\Proyectos-de-practica\\Administrador-de-recibos\\server\\src\\middlewares\\index.js","statementMap":{},"fnMap":{},"branchMap":{},"s":{},"f":{},"b":{},"_coverageSchema":"1a1c01bbd47fc00a2c39e90264f33305004495a9","hash":"594003e590ddc1a5a026af709c65e3834900cf97"}
,"D:\\Proyectos-personales\\Proyectos-de-practica\\Administrador-de-recibos\\server\\src\\models\\index.js": {"path":"D:\\Proyectos-personales\\Proyectos-de-practica\\Administrador-de-recibos\\server\\src\\models\\index.js","statementMap":{},"fnMap":{},"branchMap":{},"s":{},"f":{},"b":{},"_coverageSchema":"1a1c01bbd47fc00a2c39e90264f33305004495a9","hash":"c4ece5d13c42337962fecf03e167c199a5ec2a87"}
,"D:\\Proyectos-personales\\Proyectos-de-practica\\Administrador-de-recibos\\server\\src\\models\\receipt.model.js": {"path":"D:\\Proyectos-personales\\Proyectos-de-practica\\Administrador-de-recibos\\server\\src\\models\\receipt.model.js","statementMap":{"0":{"start":{"line":5,"column":21},"end":{"line":66,"column":2}},"1":{"start":{"line":68,"column":0},"end":{"line":68,"column":72}},"2":{"start":{"line":69,"column":0},"end":{"line":69,"column":59}}},"fnMap":{},"branchMap":{},"s":{"0":3,"1":3,"2":3},"f":{},"b":{},"_coverageSchema":"1a1c01bbd47fc00a2c39e90264f33305004495a9","hash":"2271b1ad375f714817bf6aa65f31a47fc9bb8ddd"}
,"D:\\Proyectos-personales\\Proyectos-de-practica\\Administrador-de-recibos\\server\\src\\models\\token.model.js": {"path":"D:\\Proyectos-personales\\Proyectos-de-practica\\Administrador-de-recibos\\server\\src\\models\\token.model.js","statementMap":{"0":{"start":{"line":5,"column":19},"end":{"line":37,"column":2}},"1":{"start":{"line":39,"column":0},"end":{"line":39,"column":68}},"2":{"start":{"line":40,"column":0},"end":{"line":40,"column":57}}},"fnMap":{},"branchMap":{},"s":{"0":3,"1":3,"2":3},"f":{},"b":{},"_coverageSchema":"1a1c01bbd47fc00a2c39e90264f33305004495a9","hash":"def4083f088cdcfdfd28b67e66d1e6a1c7cfae7a"}
,"D:\\Proyectos-personales\\Proyectos-de-practica\\Administrador-de-recibos\\server\\src\\models\\user.model.js": {"path":"D:\\Proyectos-personales\\Proyectos-de-practica\\Administrador-de-recibos\\server\\src\\models\\user.model.js","statementMap":{"0":{"start":{"line":4,"column":18},"end":{"line":44,"column":2}}},"fnMap":{},"branchMap":{},"s":{"0":3},"f":{},"b":{},"_coverageSchema":"1a1c01bbd47fc00a2c39e90264f33305004495a9","hash":"65228655d7c9c2ac1dd9d849f851944aa92f3c4b"}
,"D:\\Proyectos-personales\\Proyectos-de-practica\\Administrador-de-recibos\\server\\src\\routes\\receipt.route.js": {"path":"D:\\Proyectos-personales\\Proyectos-de-practica\\Administrador-de-recibos\\server\\src\\routes\\receipt.route.js","statementMap":{"0":{"start":{"line":2,"column":15},"end":{"line":2,"column":31}},"1":{"start":{"line":6,"column":26},"end":{"line":6,"column":49}},"2":{"start":{"line":86,"column":0},"end":{"line":86,"column":60}},"3":{"start":{"line":124,"column":0},"end":{"line":124,"column":58}},"4":{"start":{"line":185,"column":0},"end":{"line":185,"column":62}},"5":{"start":{"line":247,"column":0},"end":{"line":247,"column":62}},"6":{"start":{"line":286,"column":0},"end":{"line":286,"column":64}}},"fnMap":{},"branchMap":{},"s":{"0":3,"1":3,"2":3,"3":3,"4":3,"5":3,"6":3},"f":{},"b":{},"_coverageSchema":"1a1c01bbd47fc00a2c39e90264f33305004495a9","hash":"e6c93f4623d1a782f985680d49900238069a18bc"}
,"D:\\Proyectos-personales\\Proyectos-de-practica\\Administrador-de-recibos\\server\\src\\routes\\token.route.js": {"path":"D:\\Proyectos-personales\\Proyectos-de-practica\\Administrador-de-recibos\\server\\src\\routes\\token.route.js","statementMap":{"0":{"start":{"line":2,"column":15},"end":{"line":2,"column":31}},"1":{"start":{"line":6,"column":24},"end":{"line":6,"column":45}},"2":{"start":{"line":56,"column":0},"end":{"line":56,"column":52}},"3":{"start":{"line":92,"column":0},"end":{"line":92,"column":59}},"4":{"start":{"line":117,"column":0},"end":{"line":117,"column":62}}},"fnMap":{},"branchMap":{},"s":{"0":3,"1":3,"2":3,"3":3,"4":3},"f":{},"b":{},"_coverageSchema":"1a1c01bbd47fc00a2c39e90264f33305004495a9","hash":"e6beacd7bef210038288f1c670978ddebf27bf92"}
,"D:\\Proyectos-personales\\Proyectos-de-practica\\Administrador-de-recibos\\server\\src\\routes\\user.route.js": {"path":"D:\\Proyectos-personales\\Proyectos-de-practica\\Administrador-de-recibos\\server\\src\\routes\\user.route.js","statementMap":{"0":{"start":{"line":2,"column":15},"end":{"line":2,"column":31}},"1":{"start":{"line":6,"column":23},"end":{"line":6,"column":43}},"2":{"start":{"line":64,"column":0},"end":{"line":64,"column":49}},"3":{"start":{"line":104,"column":0},"end":{"line":104,"column":47}},"4":{"start":{"line":146,"column":0},"end":{"line":146,"column":52}},"5":{"start":{"line":190,"column":0},"end":{"line":190,"column":78}},"6":{"start":{"line":215,"column":0},"end":{"line":215,"column":55}}},"fnMap":{},"branchMap":{},"s":{"0":3,"1":3,"2":3,"3":3,"4":3,"5":3,"6":3},"f":{},"b":{},"_coverageSchema":"1a1c01bbd47fc00a2c39e90264f33305004495a9","hash":"283a8c4e3cb2af4234a471cc6fe5166c8ae43ffc"}
,"D:\\Proyectos-personales\\Proyectos-de-practica\\Administrador-de-recibos\\server\\src\\utils\\aws.util.js": {"path":"D:\\Proyectos-personales\\Proyectos-de-practica\\Administrador-de-recibos\\server\\src\\utils\\aws.util.js","statementMap":{"0":{"start":{"line":5,"column":8},"end":{"line":8,"column":10}},"1":{"start":{"line":19,"column":32},"end":{"line":24,"column":9}},"2":{"start":{"line":25,"column":27},"end":{"line":25,"column":29}},"3":{"start":{"line":26,"column":8},"end":{"line":32,"column":9}},"4":{"start":{"line":27,"column":29},"end":{"line":27,"column":79}},"5":{"start":{"line":28,"column":12},"end":{"line":28,"column":54}},"6":{"start":{"line":30,"column":12},"end":{"line":30,"column":26}},"7":{"start":{"line":31,"column":12},"end":{"line":31,"column":24}},"8":{"start":{"line":33,"column":8},"end":{"line":33,"column":27}},"9":{"start":{"line":44,"column":8},"end":{"line":47,"column":9}},"10":{"start":{"line":45,"column":12},"end":{"line":45,"column":52}},"11":{"start":{"line":46,"column":12},"end":{"line":46,"column":24}},"12":{"start":{"line":49,"column":32},"end":{"line":52,"column":9}},"13":{"start":{"line":54,"column":24},"end":{"line":54,"column":26}},"14":{"start":{"line":55,"column":8},"end":{"line":61,"column":9}},"15":{"start":{"line":56,"column":29},"end":{"line":56,"column":85}},"16":{"start":{"line":57,"column":12},"end":{"line":57,"column":51}},"17":{"start":{"line":59,"column":12},"end":{"line":59,"column":26}},"18":{"start":{"line":60,"column":12},"end":{"line":60,"column":24}},"19":{"start":{"line":62,"column":8},"end":{"line":62,"column":24}},"20":{"start":{"line":73,"column":8},"end":{"line":76,"column":9}},"21":{"start":{"line":74,"column":12},"end":{"line":74,"column":69}},"22":{"start":{"line":75,"column":12},"end":{"line":75,"column":24}},"23":{"start":{"line":78,"column":8},"end":{"line":83,"column":9}},"24":{"start":{"line":78,"column":21},"end":{"line":78,"column":22}},"25":{"start":{"line":79,"column":12},"end":{"line":82,"column":13}},"26":{"start":{"line":80,"column":16},"end":{"line":80,"column":56}},"27":{"start":{"line":81,"column":16},"end":{"line":81,"column":28}},"28":{"start":{"line":85,"column":26},"end":{"line":85,"column":28}},"29":{"start":{"line":86,"column":8},"end":{"line":94,"column":9}},"30":{"start":{"line":86,"column":21},"end":{"line":86,"column":22}},"31":{"start":{"line":87,"column":12},"end":{"line":92,"column":13}},"32":{"start":{"line":88,"column":29},"end":{"line":88,"column":55}},"33":{"start":{"line":89,"column":16},"end":{"line":89,"column":28}},"34":{"start":{"line":90,"column":32},"end":{"line":90,"column":54}},"35":{"start":{"line":91,"column":16},"end":{"line":91,"column":50}},"36":{"start":{"line":93,"column":12},"end":{"line":93,"column":54}},"37":{"start":{"line":96,"column":32},"end":{"line":101,"column":9}},"38":{"start":{"line":103,"column":8},"end":{"line":110,"column":9}},"39":{"start":{"line":104,"column":31},"end":{"line":104,"column":88}},"40":{"start":{"line":105,"column":12},"end":{"line":105,"column":29}},"41":{"start":{"line":106,"column":12},"end":{"line":106,"column":24}},"42":{"start":{"line":108,"column":12},"end":{"line":108,"column":26}},"43":{"start":{"line":109,"column":12},"end":{"line":109,"column":24}}},"fnMap":{"0":{"name":"(anonymous_0)","decl":{"start":{"line":4,"column":4},"end":{"line":4,"column":5}},"loc":{"start":{"line":4,"column":18},"end":{"line":9,"column":5}},"line":4},"1":{"name":"(anonymous_1)","decl":{"start":{"line":18,"column":4},"end":{"line":18,"column":5}},"loc":{"start":{"line":18,"column":60},"end":{"line":34,"column":5}},"line":18},"2":{"name":"(anonymous_2)","decl":{"start":{"line":43,"column":4},"end":{"line":43,"column":5}},"loc":{"start":{"line":43,"column":43},"end":{"line":63,"column":5}},"line":43},"3":{"name":"(anonymous_3)","decl":{"start":{"line":72,"column":4},"end":{"line":72,"column":5}},"loc":{"start":{"line":72,"column":51},"end":{"line":111,"column":5}},"line":72}},"branchMap":{"0":{"loc":{"start":{"line":44,"column":8},"end":{"line":47,"column":9}},"type":"if","locations":[{"start":{"line":44,"column":8},"end":{"line":47,"column":9}},{"start":{},"end":{}}],"line":44},"1":{"loc":{"start":{"line":44,"column":12},"end":{"line":44,"column":77}},"type":"binary-expr","locations":[{"start":{"line":44,"column":12},"end":{"line":44,"column":30}},{"start":{"line":44,"column":34},"end":{"line":44,"column":53}},{"start":{"line":44,"column":57},"end":{"line":44,"column":77}}],"line":44},"2":{"loc":{"start":{"line":73,"column":8},"end":{"line":76,"column":9}},"type":"if","locations":[{"start":{"line":73,"column":8},"end":{"line":76,"column":9}},{"start":{},"end":{}}],"line":73},"3":{"loc":{"start":{"line":79,"column":12},"end":{"line":82,"column":13}},"type":"if","locations":[{"start":{"line":79,"column":12},"end":{"line":82,"column":13}},{"start":{},"end":{}}],"line":79},"4":{"loc":{"start":{"line":79,"column":16},"end":{"line":79,"column":93}},"type":"binary-expr","locations":[{"start":{"line":79,"column":16},"end":{"line":79,"column":38}},{"start":{"line":79,"column":42},"end":{"line":79,"column":65}},{"start":{"line":79,"column":69},"end":{"line":79,"column":93}}],"line":79},"5":{"loc":{"start":{"line":87,"column":12},"end":{"line":92,"column":13}},"type":"if","locations":[{"start":{"line":87,"column":12},"end":{"line":92,"column":13}},{"start":{},"end":{}}],"line":87}},"s":{"0":8,"1":4,"2":4,"3":4,"4":4,"5":4,"6":0,"7":0,"8":4,"9":4,"10":0,"11":0,"12":4,"13":4,"14":4,"15":4,"16":4,"17":0,"18":0,"19":4,"20":0,"21":0,"22":0,"23":0,"24":0,"25":0,"26":0,"27":0,"28":0,"29":0,"30":0,"31":0,"32":0,"33":0,"34":0,"35":0,"36":0,"37":0,"38":0,"39":0,"40":0,"41":0,"42":0,"43":0},"f":{"0":8,"1":4,"2":4,"3":0},"b":{"0":[0,4],"1":[4,4,4],"2":[0,0],"3":[0,0],"4":[0,0,0],"5":[0,0]},"_coverageSchema":"1a1c01bbd47fc00a2c39e90264f33305004495a9","hash":"ae0cf82515d1cebd6e4d5e30d7be1acffae68611"}
,"D:\\Proyectos-personales\\Proyectos-de-practica\\Administrador-de-recibos\\server\\src\\utils\\encrypt.util.js": {"path":"D:\\Proyectos-personales\\Proyectos-de-practica\\Administrador-de-recibos\\server\\src\\utils\\encrypt.util.js","statementMap":{"0":{"start":{"line":9,"column":31},"end":{"line":12,"column":1}},"1":{"start":{"line":10,"column":17},"end":{"line":10,"column":97}},"2":{"start":{"line":11,"column":4},"end":{"line":11,"column":15}},"3":{"start":{"line":20,"column":32},"end":{"line":23,"column":1}},"4":{"start":{"line":21,"column":19},"end":{"line":21,"column":64}},"5":{"start":{"line":22,"column":4},"end":{"line":22,"column":17}}},"fnMap":{"0":{"name":"(anonymous_0)","decl":{"start":{"line":9,"column":31},"end":{"line":9,"column":32}},"loc":{"start":{"line":9,"column":60},"end":{"line":12,"column":1}},"line":9},"1":{"name":"(anonymous_1)","decl":{"start":{"line":20,"column":32},"end":{"line":20,"column":33}},"loc":{"start":{"line":20,"column":67},"end":{"line":23,"column":1}},"line":20}},"branchMap":{},"s":{"0":3,"1":2,"2":2,"3":3,"4":4,"5":4},"f":{"0":2,"1":4},"b":{},"_coverageSchema":"1a1c01bbd47fc00a2c39e90264f33305004495a9","hash":"174da7f4d4fea2f7e7b16b14fbbd5b8dc5c12280"}
,"D:\\Proyectos-personales\\Proyectos-de-practica\\Administrador-de-recibos\\server\\src\\utils\\index.js": {"path":"D:\\Proyectos-personales\\Proyectos-de-practica\\Administrador-de-recibos\\server\\src\\utils\\index.js","statementMap":{},"fnMap":{},"branchMap":{},"s":{},"f":{},"b":{},"_coverageSchema":"1a1c01bbd47fc00a2c39e90264f33305004495a9","hash":"6af5c8e964ec2ae11a75cdcb4da4472f3969439e"}
,"D:\\Proyectos-personales\\Proyectos-de-practica\\Administrador-de-recibos\\server\\src\\utils\\jwt.util.js": {"path":"D:\\Proyectos-personales\\Proyectos-de-practica\\Administrador-de-recibos\\server\\src\\utils\\jwt.util.js","statementMap":{"0":{"start":{"line":9,"column":32},"end":{"line":23,"column":1}},"1":{"start":{"line":10,"column":16},"end":{"line":10,"column":27}},"2":{"start":{"line":11,"column":20},"end":{"line":16,"column":5}},"3":{"start":{"line":17,"column":18},"end":{"line":20,"column":6}},"4":{"start":{"line":22,"column":4},"end":{"line":22,"column":16}},"5":{"start":{"line":31,"column":26},"end":{"line":34,"column":1}},"6":{"start":{"line":32,"column":19},"end":{"line":32,"column":66}},"7":{"start":{"line":33,"column":4},"end":{"line":33,"column":17}}},"fnMap":{"0":{"name":"(anonymous_0)","decl":{"start":{"line":9,"column":32},"end":{"line":9,"column":33}},"loc":{"start":{"line":9,"column":51},"end":{"line":23,"column":1}},"line":9},"1":{"name":"(anonymous_1)","decl":{"start":{"line":31,"column":26},"end":{"line":31,"column":27}},"loc":{"start":{"line":31,"column":37},"end":{"line":34,"column":1}},"line":31}},"branchMap":{},"s":{"0":3,"1":5,"2":5,"3":5,"4":5,"5":3,"6":22,"7":22},"f":{"0":5,"1":22},"b":{},"_coverageSchema":"1a1c01bbd47fc00a2c39e90264f33305004495a9","hash":"4fee992aff379fcd325fd089f76224db5367b24f"}
,"D:\\Proyectos-personales\\Proyectos-de-practica\\Administrador-de-recibos\\server\\src\\utils\\random.util.js": {"path":"D:\\Proyectos-personales\\Proyectos-de-practica\\Administrador-de-recibos\\server\\src\\utils\\random.util.js","statementMap":{"0":{"start":{"line":9,"column":39},"end":{"line":15,"column":1}},"1":{"start":{"line":10,"column":20},"end":{"line":10,"column":40}},"2":{"start":{"line":11,"column":21},"end":{"line":11,"column":48}},"3":{"start":{"line":12,"column":20},"end":{"line":12,"column":45}},"4":{"start":{"line":14,"column":4},"end":{"line":14,"column":18}}},"fnMap":{"0":{"name":"(anonymous_0)","decl":{"start":{"line":9,"column":39},"end":{"line":9,"column":40}},"loc":{"start":{"line":9,"column":54},"end":{"line":15,"column":1}},"line":9}},"branchMap":{},"s":{"0":3,"1":4,"2":4,"3":4,"4":4},"f":{"0":4},"b":{},"_coverageSchema":"1a1c01bbd47fc00a2c39e90264f33305004495a9","hash":"e3419b9ff9460f721318851ce15398e0de7c9609"}
,"D:\\Proyectos-personales\\Proyectos-de-practica\\Administrador-de-recibos\\server\\src\\utils\\response.util.js": {"path":"D:\\Proyectos-personales\\Proyectos-de-practica\\Administrador-de-recibos\\server\\src\\utils\\response.util.js","statementMap":{"0":{"start":{"line":7,"column":28},"end":{"line":14,"column":1}},"1":{"start":{"line":8,"column":27},"end":{"line":11,"column":5}},"2":{"start":{"line":13,"column":4},"end":{"line":13,"column":25}}},"fnMap":{"0":{"name":"(anonymous_0)","decl":{"start":{"line":7,"column":28},"end":{"line":7,"column":29}},"loc":{"start":{"line":7,"column":47},"end":{"line":14,"column":1}},"line":7}},"branchMap":{"0":{"loc":{"start":{"line":9,"column":17},"end":{"line":9,"column":35}},"type":"binary-expr","locations":[{"start":{"line":9,"column":17},"end":{"line":9,"column":29}},{"start":{"line":9,"column":33},"end":{"line":9,"column":35}}],"line":9},"1":{"loc":{"start":{"line":10,"column":14},"end":{"line":10,"column":24}},"type":"binary-expr","locations":[{"start":{"line":10,"column":14},"end":{"line":10,"column":18}},{"start":{"line":10,"column":22},"end":{"line":10,"column":24}}],"line":10}},"s":{"0":3,"1":41,"2":41},"f":{"0":41},"b":{"0":[41,0],"1":[41,0]},"_coverageSchema":"1a1c01bbd47fc00a2c39e90264f33305004495a9","hash":"06c698146f20be1788ecef5c84e9c653b7c91984"}
,"D:\\Proyectos-personales\\Proyectos-de-practica\\Administrador-de-recibos\\server\\src\\validators\\index.js": {"path":"D:\\Proyectos-personales\\Proyectos-de-practica\\Administrador-de-recibos\\server\\src\\validators\\index.js","statementMap":{},"fnMap":{},"branchMap":{},"s":{},"f":{},"b":{},"_coverageSchema":"1a1c01bbd47fc00a2c39e90264f33305004495a9","hash":"5fdbd75683f8efe112c3ba0d5cc9cf270e72455d"}
,"D:\\Proyectos-personales\\Proyectos-de-practica\\Administrador-de-recibos\\server\\src\\validators\\receipt.validator.js": {"path":"D:\\Proyectos-personales\\Proyectos-de-practica\\Administrador-de-recibos\\server\\src\\validators\\receipt.validator.js","statementMap":{"0":{"start":{"line":3,"column":32},"end":{"line":62,"column":2}}},"fnMap":{},"branchMap":{},"s":{"0":3},"f":{},"b":{},"_coverageSchema":"1a1c01bbd47fc00a2c39e90264f33305004495a9","hash":"a0a752d8e5b2324d640e1ad68f0560a72a932413"}
,"D:\\Proyectos-personales\\Proyectos-de-practica\\Administrador-de-recibos\\server\\src\\validators\\user.validator.js": {"path":"D:\\Proyectos-personales\\Proyectos-de-practica\\Administrador-de-recibos\\server\\src\\validators\\user.validator.js","statementMap":{"0":{"start":{"line":3,"column":29},"end":{"line":40,"column":2}}},"fnMap":{},"branchMap":{},"s":{"0":3},"f":{},"b":{},"_coverageSchema":"1a1c01bbd47fc00a2c39e90264f33305004495a9","hash":"1d6196b47845a98e151df1c71009a6c0260e425a"}
}
