TN:
SF:src\server.js
FN:29,(anonymous_0)
FNF:1
FNH:1
FNDA:3,(anonymous_0)
DA:14,3
DA:15,3
DA:16,3
DA:22,3
DA:23,3
DA:24,3
DA:25,3
DA:26,3
DA:29,3
DA:30,3
DA:31,3
DA:32,3
DA:34,0
DA:35,0
DA:36,0
DA:39,3
DA:42,3
DA:43,3
DA:44,3
DA:47,3
LF:20
LH:17
BRF:0
BRH:0
end_of_record
TN:
SF:src\configs\connectionDB.js
FNF:0
FNH:0
DA:3,3
DA:5,3
DA:6,3
LF:3
LH:3
BRF:0
BRH:0
end_of_record
TN:
SF:src\configs\swagger.js
FNF:0
FNH:0
DA:3,3
DA:25,3
DA:26,3
LF:3
LH:3
BRF:0
BRH:0
end_of_record
TN:
SF:src\controllers\index.js
FNF:0
FNH:0
LF:0
LH:0
BRF:0
BRH:0
end_of_record
TN:
SF:src\controllers\receipt.controller.js
FN:15,(anonymous_0)
FN:24,(anonymous_1)
FN:40,(anonymous_2)
FN:73,(anonymous_3)
FN:128,(anonymous_4)
FN:186,(anonymous_5)
FNF:6
FNH:6
FNDA:1,(anonymous_0)
FNDA:4,(anonymous_1)
FNDA:3,(anonymous_2)
FNDA:3,(anonymous_3)
FNDA:3,(anonymous_4)
FNDA:3,(anonymous_5)
DA:16,1
DA:18,1
DA:19,1
DA:24,4
DA:26,1
DA:28,0
DA:29,0
DA:41,3
DA:42,3
DA:44,3
DA:46,2
DA:47,2
DA:49,2
DA:51,2
DA:55,2
DA:57,1
DA:59,1
DA:61,0
DA:62,0
DA:74,3
DA:75,3
DA:77,3
DA:78,3
DA:80,3
DA:81,3
DA:82,2
DA:84,1
DA:85,1
DA:86,1
DA:88,1
DA:89,1
DA:90,1
DA:91,1
DA:92,1
DA:93,1
DA:96,1
DA:108,1
DA:109,1
DA:111,1
DA:112,1
DA:114,0
DA:115,0
DA:116,0
DA:117,0
DA:129,3
DA:130,3
DA:132,3
DA:133,3
DA:134,3
DA:136,3
DA:137,3
DA:138,2
DA:140,1
DA:141,1
DA:142,1
DA:144,1
DA:145,1
DA:146,1
DA:148,1
DA:149,1
DA:150,1
DA:151,1
DA:152,1
DA:154,1
DA:157,1
DA:169,1
DA:170,1
DA:172,0
DA:173,0
DA:174,0
DA:175,0
DA:187,3
DA:188,3
DA:190,3
DA:192,2
DA:193,2
DA:195,2
DA:196,2
DA:198,2
DA:199,2
DA:200,2
DA:202,1
DA:204,1
DA:206,1
DA:207,1
DA:209,0
DA:210,0
DA:211,0
LF:88
LH:73
BRDA:24,0,0,3
BRDA:24,0,1,1
BRDA:44,1,0,1
BRDA:44,1,1,2
BRDA:47,2,0,0
BRDA:47,2,1,2
BRDA:55,3,0,1
BRDA:55,3,1,1
BRDA:57,4,0,1
BRDA:57,4,1,0
BRDA:81,5,0,1
BRDA:81,5,1,2
BRDA:82,6,0,1
BRDA:82,6,1,1
BRDA:89,7,0,1
BRDA:89,7,1,0
BRDA:93,8,0,0
BRDA:93,8,1,1
BRDA:93,9,0,1
BRDA:93,9,1,1
BRDA:116,10,0,0
BRDA:116,10,1,0
BRDA:137,11,0,1
BRDA:137,11,1,2
BRDA:138,12,0,1
BRDA:138,12,1,1
BRDA:146,13,0,0
BRDA:146,13,1,1
BRDA:148,14,0,1
BRDA:148,14,1,0
BRDA:152,15,0,0
BRDA:152,15,1,1
BRDA:152,16,0,1
BRDA:152,16,1,1
BRDA:154,17,0,1
BRDA:154,17,1,0
BRDA:174,18,0,0
BRDA:174,18,1,0
BRDA:190,19,0,1
BRDA:190,19,1,2
BRDA:193,20,0,0
BRDA:193,20,1,2
BRDA:200,21,0,1
BRDA:200,21,1,1
BRDA:204,22,0,1
BRDA:204,22,1,0
BRF:46
BRH:32
end_of_record
TN:
SF:src\controllers\token.controller.js
FN:15,(anonymous_0)
FN:62,(anonymous_1)
FN:98,(anonymous_2)
FNF:3
FNH:3
FNDA:5,(anonymous_0)
FNDA:2,(anonymous_1)
FNDA:1,(anonymous_2)
DA:16,5
DA:18,5
DA:19,5
DA:21,4
DA:23,4
DA:25,4
DA:26,4
DA:28,4
DA:29,4
DA:31,3
DA:33,3
DA:34,3
DA:35,2
DA:40,1
DA:46,3
DA:47,3
DA:49,0
DA:50,0
DA:51,0
DA:63,2
DA:65,2
DA:67,1
DA:69,1
DA:70,1
DA:72,1
DA:73,1
DA:75,1
DA:77,1
DA:82,1
DA:83,1
DA:85,0
DA:86,0
DA:87,0
DA:99,1
DA:101,1
DA:103,1
DA:105,1
DA:107,1
DA:112,1
DA:113,1
DA:115,0
DA:116,0
DA:117,0
LF:43
LH:34
BRDA:19,0,0,1
BRDA:19,0,1,4
BRDA:26,1,0,0
BRDA:26,1,1,4
BRDA:29,2,0,1
BRDA:29,2,1,3
BRDA:34,3,0,2
BRDA:34,3,1,1
BRDA:65,4,0,1
BRDA:65,4,1,1
BRDA:73,5,0,0
BRDA:73,5,1,1
BRDA:73,6,0,1
BRDA:73,6,1,1
BRF:14
BRH:12
end_of_record
TN:
SF:src\controllers\user.controller.js
FN:16,(anonymous_0)
FN:40,(anonymous_1)
FN:87,(anonymous_2)
FN:133,(anonymous_3)
FN:177,(anonymous_4)
FN:189,(anonymous_5)
FN:195,(anonymous_6)
FN:196,(anonymous_7)
FNF:8
FNH:5
FNDA:1,(anonymous_0)
FNDA:3,(anonymous_1)
FNDA:2,(anonymous_2)
FNDA:3,(anonymous_3)
FNDA:1,(anonymous_4)
FNDA:0,(anonymous_5)
FNDA:0,(anonymous_6)
FNDA:0,(anonymous_7)
DA:17,1
DA:19,1
DA:20,1
DA:24,1
DA:26,1
DA:28,0
DA:29,0
DA:41,3
DA:43,3
DA:44,3
DA:46,2
DA:47,2
DA:48,2
DA:50,2
DA:51,2
DA:52,2
DA:54,1
DA:56,1
DA:57,1
DA:58,1
DA:59,1
DA:60,1
DA:63,1
DA:71,1
DA:72,1
DA:74,0
DA:75,0
DA:76,0
DA:88,2
DA:89,2
DA:91,2
DA:92,2
DA:94,1
DA:95,1
DA:96,1
DA:98,1
DA:99,1
DA:101,1
DA:102,1
DA:103,1
DA:104,1
DA:105,1
DA:107,1
DA:110,1
DA:117,1
DA:118,1
DA:120,0
DA:121,0
DA:122,0
DA:134,3
DA:135,3
DA:137,3
DA:138,3
DA:140,2
DA:142,1
DA:144,1
DA:145,1
DA:147,1
DA:149,1
DA:154,1
DA:156,1
DA:161,1
DA:162,1
DA:164,0
DA:165,0
DA:166,0
DA:178,1
DA:180,1
DA:181,1
DA:183,1
DA:184,1
DA:186,1
DA:187,1
DA:189,1
DA:191,1
DA:192,1
DA:193,1
DA:195,1
DA:196,1
DA:197,1
DA:199,1
DA:201,1
DA:202,1
DA:204,0
DA:205,0
DA:206,0
LF:86
LH:72
BRDA:24,0,0,1
BRDA:24,0,1,0
BRDA:44,1,0,1
BRDA:44,1,1,2
BRDA:52,2,0,1
BRDA:52,2,1,1
BRDA:56,3,0,1
BRDA:56,3,1,0
BRDA:60,4,0,0
BRDA:60,4,1,1
BRDA:60,5,0,1
BRDA:60,5,1,1
BRDA:92,6,0,1
BRDA:92,6,1,1
BRDA:101,7,0,1
BRDA:101,7,1,0
BRDA:105,8,0,0
BRDA:105,8,1,1
BRDA:105,9,0,1
BRDA:105,9,1,1
BRDA:107,10,0,1
BRDA:107,10,1,0
BRDA:138,11,0,1
BRDA:138,11,1,2
BRDA:140,12,0,1
BRDA:140,12,1,1
BRDA:197,13,0,0
BRDA:197,13,1,1
BRDA:199,14,0,1
BRDA:199,14,1,0
BRF:30
BRH:22
end_of_record
TN:
SF:src\middlewares\auth.middleware.js
FN:10,(anonymous_0)
FNF:1
FNH:1
FNDA:31,(anonymous_0)
DA:10,3
DA:11,31
DA:12,31
DA:13,31
DA:15,21
DA:17,21
DA:18,21
DA:20,21
DA:21,21
DA:23,0
LF:10
LH:9
BRDA:13,0,0,10
BRDA:13,0,1,21
BRDA:18,1,0,0
BRDA:18,1,1,21
BRDA:18,2,0,21
BRDA:18,2,1,21
BRF:6
BRH:5
end_of_record
TN:
SF:src\middlewares\index.js
FNF:0
FNH:0
LF:0
LH:0
BRF:0
BRH:0
end_of_record
TN:
SF:src\models\index.js
FNF:0
FNH:0
LF:0
LH:0
BRF:0
BRH:0
end_of_record
TN:
SF:src\models\receipt.model.js
FNF:0
FNH:0
DA:5,3
DA:68,3
DA:69,3
LF:3
LH:3
BRF:0
BRH:0
end_of_record
TN:
SF:src\models\token.model.js
FNF:0
FNH:0
DA:5,3
DA:39,3
DA:40,3
LF:3
LH:3
BRF:0
BRH:0
end_of_record
TN:
SF:src\models\user.model.js
FNF:0
FNH:0
DA:4,3
LF:1
LH:1
BRF:0
BRH:0
end_of_record
TN:
SF:src\routes\receipt.route.js
FNF:0
FNH:0
DA:2,3
DA:6,3
DA:86,3
DA:124,3
DA:185,3
DA:247,3
DA:286,3
LF:7
LH:7
BRF:0
BRH:0
end_of_record
TN:
SF:src\routes\token.route.js
FNF:0
FNH:0
DA:2,3
DA:6,3
DA:56,3
DA:92,3
DA:117,3
LF:5
LH:5
BRF:0
BRH:0
end_of_record
TN:
SF:src\routes\user.route.js
FNF:0
FNH:0
DA:2,3
DA:6,3
DA:64,3
DA:104,3
DA:146,3
DA:190,3
DA:215,3
LF:7
LH:7
BRF:0
BRH:0
end_of_record
TN:
SF:src\utils\aws.util.js
FN:4,(anonymous_0)
FN:18,(anonymous_1)
FN:43,(anonymous_2)
FN:72,(anonymous_3)
FNF:4
FNH:3
FNDA:8,(anonymous_0)
FNDA:4,(anonymous_1)
FNDA:4,(anonymous_2)
FNDA:0,(anonymous_3)
DA:5,8
DA:19,4
DA:25,4
DA:26,4
DA:27,4
DA:28,4
DA:30,0
DA:31,0
DA:33,4
DA:44,4
DA:45,0
DA:46,0
DA:49,4
DA:54,4
DA:55,4
DA:56,4
DA:57,4
DA:59,0
DA:60,0
DA:62,4
DA:73,0
DA:74,0
DA:75,0
DA:78,0
DA:79,0
DA:80,0
DA:81,0
DA:85,0
DA:86,0
DA:87,0
DA:88,0
DA:89,0
DA:90,0
DA:91,0
DA:93,0
DA:96,0
DA:103,0
DA:104,0
DA:105,0
DA:106,0
DA:108,0
DA:109,0
LF:42
LH:14
BRDA:44,0,0,0
BRDA:44,0,1,4
BRDA:44,1,0,4
BRDA:44,1,1,4
BRDA:44,1,2,4
BRDA:73,2,0,0
BRDA:73,2,1,0
BRDA:79,3,0,0
BRDA:79,3,1,0
BRDA:79,4,0,0
BRDA:79,4,1,0
BRDA:79,4,2,0
BRDA:87,5,0,0
BRDA:87,5,1,0
BRF:14
BRH:4
end_of_record
TN:
SF:src\utils\encrypt.util.js
FN:9,(anonymous_0)
FN:20,(anonymous_1)
FNF:2
FNH:2
FNDA:2,(anonymous_0)
FNDA:4,(anonymous_1)
DA:9,3
DA:10,2
DA:11,2
DA:20,3
DA:21,4
DA:22,4
LF:6
LH:6
BRF:0
BRH:0
end_of_record
TN:
SF:src\utils\index.js
FNF:0
FNH:0
LF:0
LH:0
BRF:0
BRH:0
end_of_record
TN:
SF:src\utils\jwt.util.js
FN:9,(anonymous_0)
FN:31,(anonymous_1)
FNF:2
FNH:2
FNDA:5,(anonymous_0)
FNDA:22,(anonymous_1)
DA:9,3
DA:10,5
DA:11,5
DA:17,5
DA:22,5
DA:31,3
DA:32,22
DA:33,22
LF:8
LH:8
BRF:0
BRH:0
end_of_record
TN:
SF:src\utils\random.util.js
FN:9,(anonymous_0)
FNF:1
FNH:1
FNDA:4,(anonymous_0)
DA:9,3
DA:10,4
DA:11,4
DA:12,4
DA:14,4
LF:5
LH:5
BRF:0
BRH:0
end_of_record
TN:
SF:src\utils\response.util.js
FN:7,(anonymous_0)
FNF:1
FNH:1
FNDA:41,(anonymous_0)
DA:7,3
DA:8,41
DA:13,41
LF:3
LH:3
BRDA:9,0,0,41
BRDA:9,0,1,0
BRDA:10,1,0,41
BRDA:10,1,1,0
BRF:4
BRH:2
end_of_record
TN:
SF:src\validators\index.js
FNF:0
FNH:0
LF:0
LH:0
BRF:0
BRH:0
end_of_record
TN:
SF:src\validators\receipt.validator.js
FNF:0
FNH:0
DA:3,3
LF:1
LH:1
BRF:0
BRH:0
end_of_record
TN:
SF:src\validators\user.validator.js
FNF:0
FNH:0
DA:3,3
LF:1
LH:1
BRF:0
BRH:0
end_of_record
